Release 14.7 - xst P.20131013 (nt64)
Copyright (c) 1995-2013 Xilinx, Inc.  All rights reserved.
--> Parameter TMPDIR set to xst/projnav.tmp


Total REAL time to Xst completion: 0.00 secs
Total CPU time to Xst completion: 0.23 secs
 
--> Parameter xsthdpdir set to xst


Total REAL time to Xst completion: 0.00 secs
Total CPU time to Xst completion: 0.23 secs
 
--> Reading design: MIPS.prj

TABLE OF CONTENTS
  1) Synthesis Options Summary
  2) HDL Parsing
  3) HDL Elaboration
  4) HDL Synthesis
       4.1) HDL Synthesis Report
  5) Advanced HDL Synthesis
       5.1) Advanced HDL Synthesis Report
  6) Low Level Synthesis
  7) Partition Report
  8) Design Summary
       8.1) Primitive and Black Box Usage
       8.2) Device utilization summary
       8.3) Partition Resource Summary
       8.4) Timing Report
            8.4.1) Clock Information
            8.4.2) Asynchronous Control Signals Information
            8.4.3) Timing Summary
            8.4.4) Timing Details
            8.4.5) Cross Clock Domains Report


=========================================================================
*                      Synthesis Options Summary                        *
=========================================================================
---- Source Parameters
Input File Name                    : "MIPS.prj"
Ignore Synthesis Constraint File   : NO

---- Target Parameters
Output File Name                   : "MIPS"
Output Format                      : NGC
Target Device                      : xc7a100t-3-csg324

---- Source Options
Top Module Name                    : MIPS
Automatic FSM Extraction           : YES
FSM Encoding Algorithm             : Auto
Safe Implementation                : No
FSM Style                          : LUT
RAM Extraction                     : Yes
RAM Style                          : Auto
ROM Extraction                     : Yes
Shift Register Extraction          : YES
ROM Style                          : Auto
Resource Sharing                   : YES
Asynchronous To Synchronous        : NO
Shift Register Minimum Size        : 2
Use DSP Block                      : Auto
Automatic Register Balancing       : No

---- Target Options
LUT Combining                      : Auto
Reduce Control Sets                : Auto
Add IO Buffers                     : YES
Global Maximum Fanout              : 100000
Add Generic Clock Buffer(BUFG)     : 32
Register Duplication               : YES
Optimize Instantiated Primitives   : NO
Use Clock Enable                   : Auto
Use Synchronous Set                : Auto
Use Synchronous Reset              : Auto
Pack IO Registers into IOBs        : Auto
Equivalent register Removal        : YES

---- General Options
Optimization Goal                  : Speed
Optimization Effort                : 1
Power Reduction                    : NO
Keep Hierarchy                     : No
Netlist Hierarchy                  : As_Optimized
RTL Output                         : Yes
Global Optimization                : AllClockNets
Read Cores                         : YES
Write Timing Constraints           : NO
Cross Clock Analysis               : NO
Hierarchy Separator                : /
Bus Delimiter                      : <>
Case Specifier                     : Maintain
Slice Utilization Ratio            : 100
BRAM Utilization Ratio             : 100
DSP48 Utilization Ratio            : 100
Auto BRAM Packing                  : NO
Slice Utilization Ratio Delta      : 5

=========================================================================


=========================================================================
*                          HDL Parsing                                  *
=========================================================================
Parsing VHDL file "D:\AAST\6th term\Computer Archeticture\LAB\YoussefBarrima_18100743\MIPS_SingleCycle_YoussefMohamedBarrima_18100743\SignExtend.vhd" into library work
Parsing entity <SignExtend>.
Parsing architecture <Behavioral> of entity <signextend>.
Parsing VHDL file "D:\AAST\6th term\Computer Archeticture\LAB\YoussefBarrima_18100743\MIPS_SingleCycle_YoussefMohamedBarrima_18100743\ShiftLeft.vhd" into library work
Parsing entity <ShiftLeft>.
Parsing architecture <Behavioral> of entity <shiftleft>.
Parsing VHDL file "D:\AAST\6th term\Computer Archeticture\LAB\YoussefBarrima_18100743\MIPS_SingleCycle_YoussefMohamedBarrima_18100743\RegisterFile.vhd" into library work
Parsing entity <RegisterFile>.
Parsing architecture <Behavioral> of entity <registerfile>.
Parsing VHDL file "D:\AAST\6th term\Computer Archeticture\LAB\YoussefBarrima_18100743\MIPS_SingleCycle_YoussefMohamedBarrima_18100743\PC.vhd" into library work
Parsing entity <PC>.
Parsing architecture <Behavioral> of entity <pc>.
Parsing VHDL file "D:\AAST\6th term\Computer Archeticture\LAB\YoussefBarrima_18100743\MIPS_SingleCycle_YoussefMohamedBarrima_18100743\MUX_2_to_1.vhd" into library work
Parsing entity <MUX_2_to_1>.
Parsing architecture <Behavioral> of entity <mux_2_to_1>.
Parsing VHDL file "D:\AAST\6th term\Computer Archeticture\LAB\YoussefBarrima_18100743\MIPS_SingleCycle_YoussefMohamedBarrima_18100743\InstructionMemory.vhd" into library work
Parsing entity <InstructionMemory>.
Parsing architecture <Behavioral> of entity <instructionmemory>.
Parsing VHDL file "D:\AAST\6th term\Computer Archeticture\LAB\YoussefBarrima_18100743\MIPS_SingleCycle_YoussefMohamedBarrima_18100743\DataMemory.vhd" into library work
Parsing entity <DataMemory>.
Parsing architecture <Behavioral> of entity <datamemory>.
Parsing VHDL file "D:\AAST\6th term\Computer Archeticture\LAB\YoussefBarrima_18100743\MIPS_SingleCycle_YoussefMohamedBarrima_18100743\Controller.vhd" into library work
Parsing entity <Controller>.
Parsing architecture <Behavioral> of entity <controller>.
Parsing VHDL file "D:\AAST\6th term\Computer Archeticture\LAB\YoussefBarrima_18100743\MIPS_SingleCycle_YoussefMohamedBarrima_18100743\ALU_Control.vhd" into library work
Parsing entity <ALU_Control>.
Parsing architecture <Behavioral> of entity <alu_control>.
Parsing VHDL file "D:\AAST\6th term\Computer Archeticture\LAB\YoussefBarrima_18100743\MIPS_SingleCycle_YoussefMohamedBarrima_18100743\ALU.vhd" into library work
Parsing entity <ALU>.
Parsing architecture <Behavioral> of entity <alu>.
Parsing VHDL file "D:\AAST\6th term\Computer Archeticture\LAB\YoussefBarrima_18100743\MIPS_SingleCycle_YoussefMohamedBarrima_18100743\ADDER.vhd" into library work
Parsing entity <ADDER>.
Parsing architecture <Behavioral> of entity <adder>.
Parsing VHDL file "D:\AAST\6th term\Computer Archeticture\LAB\YoussefBarrima_18100743\MIPS_SingleCycle_YoussefMohamedBarrima_18100743\MIPS.vhd" into library work
Parsing entity <MIPS>.
Parsing architecture <Behavioral> of entity <mips>.
WARNING:HDLCompiler:946 - "D:\AAST\6th term\Computer Archeticture\LAB\YoussefBarrima_18100743\MIPS_SingleCycle_YoussefMohamedBarrima_18100743\MIPS.vhd" Line 193: Actual for formal port s is neither a static name nor a globally static expression

=========================================================================
*                            HDL Elaboration                            *
=========================================================================

Elaborating entity <MIPS> (architecture <Behavioral>) from library <work>.

Elaborating entity <MUX_2_to_1> (architecture <Behavioral>) with generics from library <work>.

Elaborating entity <SignExtend> (architecture <Behavioral>) from library <work>.

Elaborating entity <RegisterFile> (architecture <Behavioral>) with generics from library <work>.

Elaborating entity <MUX_2_to_1> (architecture <Behavioral>) with generics from library <work>.

Elaborating entity <InstructionMemory> (architecture <Behavioral>) from library <work>.

Elaborating entity <ALU_Control> (architecture <Behavioral>) from library <work>.

Elaborating entity <ALU> (architecture <Behavioral>) from library <work>.

Elaborating entity <DataMemory> (architecture <Behavioral>) from library <work>.

Elaborating entity <Controller> (architecture <Behavioral>) from library <work>.

Elaborating entity <PC> (architecture <Behavioral>) from library <work>.

Elaborating entity <ADDER> (architecture <Behavioral>) from library <work>.

Elaborating entity <ShiftLeft> (architecture <Behavioral>) with generics from library <work>.

Elaborating entity <ShiftLeft> (architecture <Behavioral>) with generics from library <work>.
WARNING:Xst:2972 - "D:\AAST\6th term\Computer Archeticture\LAB\YoussefBarrima_18100743\MIPS_SingleCycle_YoussefMohamedBarrima_18100743\MIPS.vhd" line 68. All outputs of instance <U1> of block <MUX_2_to_1> are unconnected in block <MIPS>. Underlying logic will be removed.
WARNING:Xst:2972 - "D:\AAST\6th term\Computer Archeticture\LAB\YoussefBarrima_18100743\MIPS_SingleCycle_YoussefMohamedBarrima_18100743\MIPS.vhd" line 77. All outputs of instance <U2> of block <SignExtend> are unconnected in block <MIPS>. Underlying logic will be removed.
WARNING:Xst:2972 - "D:\AAST\6th term\Computer Archeticture\LAB\YoussefBarrima_18100743\MIPS_SingleCycle_YoussefMohamedBarrima_18100743\MIPS.vhd" line 84. All outputs of instance <U3> of block <RegisterFile> are unconnected in block <MIPS>. Underlying logic will be removed.
WARNING:Xst:2972 - "D:\AAST\6th term\Computer Archeticture\LAB\YoussefBarrima_18100743\MIPS_SingleCycle_YoussefMohamedBarrima_18100743\MIPS.vhd" line 97. All outputs of instance <U4> of block <MUX_2_to_1> are unconnected in block <MIPS>. Underlying logic will be removed.
WARNING:Xst:2972 - "D:\AAST\6th term\Computer Archeticture\LAB\YoussefBarrima_18100743\MIPS_SingleCycle_YoussefMohamedBarrima_18100743\MIPS.vhd" line 106. All outputs of instance <U5> of block <InstructionMemory> are unconnected in block <MIPS>. Underlying logic will be removed.
WARNING:Xst:2972 - "D:\AAST\6th term\Computer Archeticture\LAB\YoussefBarrima_18100743\MIPS_SingleCycle_YoussefMohamedBarrima_18100743\MIPS.vhd" line 112. All outputs of instance <U6> of block <ALU_Control> are unconnected in block <MIPS>. Underlying logic will be removed.
WARNING:Xst:2972 - "D:\AAST\6th term\Computer Archeticture\LAB\YoussefBarrima_18100743\MIPS_SingleCycle_YoussefMohamedBarrima_18100743\MIPS.vhd" line 119. All outputs of instance <U7> of block <ALU> are unconnected in block <MIPS>. Underlying logic will be removed.
WARNING:Xst:2972 - "D:\AAST\6th term\Computer Archeticture\LAB\YoussefBarrima_18100743\MIPS_SingleCycle_YoussefMohamedBarrima_18100743\MIPS.vhd" line 128. All outputs of instance <U8> of block <DataMemory> are unconnected in block <MIPS>. Underlying logic will be removed.
WARNING:Xst:2972 - "D:\AAST\6th term\Computer Archeticture\LAB\YoussefBarrima_18100743\MIPS_SingleCycle_YoussefMohamedBarrima_18100743\MIPS.vhd" line 138. All outputs of instance <U9> of block <MUX_2_to_1> are unconnected in block <MIPS>. Underlying logic will be removed.
WARNING:Xst:2972 - "D:\AAST\6th term\Computer Archeticture\LAB\YoussefBarrima_18100743\MIPS_SingleCycle_YoussefMohamedBarrima_18100743\MIPS.vhd" line 146. All outputs of instance <U10> of block <Controller> are unconnected in block <MIPS>. Underlying logic will be removed.
WARNING:Xst:2972 - "D:\AAST\6th term\Computer Archeticture\LAB\YoussefBarrima_18100743\MIPS_SingleCycle_YoussefMohamedBarrima_18100743\MIPS.vhd" line 160. All outputs of instance <U11> of block <PC> are unconnected in block <MIPS>. Underlying logic will be removed.
WARNING:Xst:2972 - "D:\AAST\6th term\Computer Archeticture\LAB\YoussefBarrima_18100743\MIPS_SingleCycle_YoussefMohamedBarrima_18100743\MIPS.vhd" line 167. All outputs of instance <U12> of block <ADDER> are unconnected in block <MIPS>. Underlying logic will be removed.
WARNING:Xst:2972 - "D:\AAST\6th term\Computer Archeticture\LAB\YoussefBarrima_18100743\MIPS_SingleCycle_YoussefMohamedBarrima_18100743\MIPS.vhd" line 174. All outputs of instance <U13> of block <ShiftLeft> are unconnected in block <MIPS>. Underlying logic will be removed.
WARNING:Xst:2972 - "D:\AAST\6th term\Computer Archeticture\LAB\YoussefBarrima_18100743\MIPS_SingleCycle_YoussefMohamedBarrima_18100743\MIPS.vhd" line 180. All outputs of instance <U14> of block <ADDER> are unconnected in block <MIPS>. Underlying logic will be removed.
WARNING:Xst:2972 - "D:\AAST\6th term\Computer Archeticture\LAB\YoussefBarrima_18100743\MIPS_SingleCycle_YoussefMohamedBarrima_18100743\MIPS.vhd" line 189. All outputs of instance <U15> of block <MUX_2_to_1> are unconnected in block <MIPS>. Underlying logic will be removed.
WARNING:Xst:2972 - "D:\AAST\6th term\Computer Archeticture\LAB\YoussefBarrima_18100743\MIPS_SingleCycle_YoussefMohamedBarrima_18100743\MIPS.vhd" line 199. All outputs of instance <U16> of block <ShiftLeft> are unconnected in block <MIPS>. Underlying logic will be removed.
WARNING:Xst:2972 - "D:\AAST\6th term\Computer Archeticture\LAB\YoussefBarrima_18100743\MIPS_SingleCycle_YoussefMohamedBarrima_18100743\MIPS.vhd" line 208. All outputs of instance <U17> of block <MUX_2_to_1> are unconnected in block <MIPS>. Underlying logic will be removed.

=========================================================================
*                           HDL Synthesis                               *
=========================================================================

Synthesizing Unit <MIPS>.
    Related source file is "D:\AAST\6th term\Computer Archeticture\LAB\YoussefBarrima_18100743\MIPS_SingleCycle_YoussefMohamedBarrima_18100743\MIPS.vhd".
WARNING:Xst:647 - Input <reset> is never used. This port will be preserved and left unconnected if it belongs to a top-level block or it belongs to a sub-block and the hierarchy of this sub-block is preserved.
    Summary:
	no macro.
Unit <MIPS> synthesized.

=========================================================================
HDL Synthesis Report

Found no macro
=========================================================================

=========================================================================
*                       Advanced HDL Synthesis                          *
=========================================================================


=========================================================================
Advanced HDL Synthesis Report

Found no macro
=========================================================================

=========================================================================
*                         Low Level Synthesis                           *
=========================================================================

Optimizing unit <MIPS> ...

Mapping all equations...
Building and optimizing final netlist ...
Found area constraint ratio of 100 (+ 5) on block MIPS, actual ratio is 0.

Final Macro Processing ...

=========================================================================
Final Register Report

Found no macro
=========================================================================

=========================================================================
*                           Partition Report                            *
=========================================================================

Partition Implementation Status
-------------------------------

  No Partitions were found in this design.

-------------------------------

=========================================================================
*                            Design Summary                             *
=========================================================================

Top Level Output File Name         : MIPS.ngc

Primitive and Black Box Usage:
------------------------------

Device utilization summary:
---------------------------

Selected Device : 7a100tcsg324-3 


Slice Logic Utilization: 

Slice Logic Distribution: 
 Number of LUT Flip Flop pairs used:      0
   Number with an unused Flip Flop:       0  out of      0         
   Number with an unused LUT:             0  out of      0         
   Number of fully used LUT-FF pairs:     0  out of      0         
   Number of unique control sets:         0

IO Utilization: 
 Number of IOs:                           2
 Number of bonded IOBs:                   0  out of    210     0%  

Specific Feature Utilization:

---------------------------
Partition Resource Summary:
---------------------------

  No Partitions were found in this design.

---------------------------


=========================================================================
Timing Report

NOTE: THESE TIMING NUMBERS ARE ONLY A SYNTHESIS ESTIMATE.
      FOR ACCURATE TIMING INFORMATION PLEASE REFER TO THE TRACE REPORT
      GENERATED AFTER PLACE-and-ROUTE.

Clock Information:
------------------
No clock signals found in this design

Asynchronous Control Signals Information:
----------------------------------------
No asynchronous control signals found in this design

Timing Summary:
---------------
Speed Grade: -3

   Minimum period: No path found
   Minimum input arrival time before clock: No path found
   Maximum output required time after clock: No path found
   Maximum combinational path delay: No path found

Timing Details:
---------------
All values displayed in nanoseconds (ns)

=========================================================================

Cross Clock Domains Report:
--------------------------

=========================================================================


Total REAL time to Xst completion: 18.00 secs
Total CPU time to Xst completion: 18.40 secs
 
--> 

Total memory usage is 4683180 kilobytes

Number of errors   :    0 (   0 filtered)
Number of warnings :   19 (   0 filtered)
Number of infos    :    0 (   0 filtered)

