Command line:
   TB_MIPS_isim_beh.exe
     -simmode  gui
     -simrunnum  0
     -socket  65169

Sun Jun 06 21:41:21 2021


 Elaboration Time: 0.109375 sec

 Current Memory Usage: 5154.3 Meg

 Total Signals          : 112
 Total Nets             : 2714
 Total Signal Drivers   : 38
 Total Blocks           : 21
 Total Primitive Blocks : 19
 Total Processes        : 29
 Total Traceable Variables  : 23
 Total Scalar Nets and Variables : 3207
In process InstructionMemory.vhd:37 
 

 Total Simulation Time: 0.109375 sec

 Current Memory Usage: 5154.3 Meg

Sun Jun 06 21:41:39 2021

